<?xml version="1.0" encoding="UTF-8"?>
<!-- Generated by org.testng.reporters.JUnitReportReporter -->
<testsuite hostname="DESKTOP-PP8RICL" failures="0" tests="1" name="testCases.US03_TC006_SortByPriceAscending" time="5.581" errors="0" timestamp="2024-10-13T07:05:00 BDT" skipped="0">
  <testcase classname="testCases.US03_TC006_SortByPriceAscending" name="varify_SortByPriceAscending_Watches_US03_TC006" time="5.581"/>
</testsuite> <!-- testCases.US03_TC006_SortByPriceAscending -->
