<?xml version="1.0" encoding="UTF-8"?>
<!-- Generated by org.testng.reporters.JUnitReportReporter -->
<testsuite hostname="DESKTOP-PP8RICL" failures="0" tests="1" name="testCases.TC001_AccountRegistration" time="5.688" errors="0" timestamp="2024-10-03T17:40:46 BDT" skipped="0">
  <testcase classname="testCases.TC001_AccountRegistration" name="verify_accRegistration" time="5.688"/>
</testsuite> <!-- testCases.TC001_AccountRegistration -->
