<?xml version="1.0" encoding="UTF-8"?>
<!-- Generated by org.testng.reporters.JUnitReportReporter -->
<testsuite hostname="DESKTOP-PP8RICL" failures="0" tests="1" name="testCases.US01_TC003_InvalidUserLogin" time="6.206" errors="0" timestamp="2024-10-13T07:05:00 BDT" skipped="0">
  <testcase classname="testCases.US01_TC003_InvalidUserLogin" name="varify_invalidUserLogin_US01_TC003" time="6.206"/>
</testsuite> <!-- testCases.US01_TC003_InvalidUserLogin -->
