<?xml version="1.0" encoding="UTF-8"?>
<!-- Generated by org.testng.reporters.JUnitReportReporter -->
<testsuite hostname="DESKTOP-PP8RICL" failures="0" tests="3" name="testCases.TC010_CartOperations" time="26.190" errors="0" timestamp="2024-10-04T18:35:56 BDT" skipped="0">
  <testcase classname="testCases.TC010_CartOperations" name="verify_deleteShoppingCart" time="5.850"/>
  <testcase classname="testCases.TC010_CartOperations" name="verify_updateShoppingCart" time="0.208"/>
  <testcase classname="testCases.TC010_CartOperations" name="verify_productAddToCart" time="20.132"/>
</testsuite> <!-- testCases.TC010_CartOperations -->
