<?xml version="1.0" encoding="UTF-8"?>
<!-- Generated by org.testng.reporters.JUnitReportReporter -->
<testsuite hostname="DESKTOP-PP8RICL" failures="0" tests="2" name="testCases.TC003_InvalidUserLogin" time="17.576" errors="0" timestamp="2024-10-04T19:23:18 BDT" skipped="0">
  <testcase classname="testCases.TC003_InvalidUserLogin" name="verify_invalidUserLogin" time="3.562"/>
  <testcase classname="testCases.TC003_InvalidUserLogin" name="verify_validUserLogin" time="14.014"/>
</testsuite> <!-- testCases.TC003_InvalidUserLogin -->
