<?xml version="1.0" encoding="UTF-8"?>
<!-- Generated by org.testng.reporters.JUnitReportReporter -->
<testsuite hostname="DESKTOP-PP8RICL" failures="0" tests="1" name="testCases.US04_TC008_SearchBoxWithValidInput" time="4.650" errors="0" timestamp="2024-10-13T07:05:00 BDT" skipped="0">
  <testcase classname="testCases.US04_TC008_SearchBoxWithValidInput" name="varify_searchBoxWithValidInput_US04_TC008" time="4.650"/>
</testsuite> <!-- testCases.US04_TC008_SearchBoxWithValidInput -->
