<?xml version="1.0" encoding="UTF-8"?>
<!-- Generated by org.testng.reporters.JUnitReportReporter -->
<testsuite hostname="DESKTOP-PP8RICL" failures="0" tests="2" name="testCases.TC010_AddProductToCart" time="20.857" errors="0" timestamp="2024-10-04T17:18:40 BDT" skipped="0">
  <testcase classname="testCases.TC010_AddProductToCart" name="verify_updateShoppingCart" time="0.189"/>
  <testcase classname="testCases.TC010_AddProductToCart" name="verify_productAddToCart" time="20.668"/>
</testsuite> <!-- testCases.TC010_AddProductToCart -->
