<?xml version="1.0" encoding="UTF-8"?>
<!-- Generated by org.testng.reporters.JUnitReportReporter -->
<testsuite hostname="DESKTOP-PP8RICL" failures="0" tests="1" name="testCases.TC006_SortByPriceAscending" time="2.616" errors="0" timestamp="2024-10-03T17:40:46 BDT" skipped="0">
  <testcase classname="testCases.TC006_SortByPriceAscending" name="verify_SortByPriceAscending_Watches" time="2.616"/>
</testsuite> <!-- testCases.TC006_SortByPriceAscending -->
