<?xml version="1.0" encoding="UTF-8"?>
<!-- Generated by org.testng.reporters.JUnitReportReporter -->
<testsuite hostname="DESKTOP-PP8RICL" failures="0" tests="1" name="testCases.TC002_ValidUserLogin" time="5.314" errors="0" timestamp="2024-10-03T17:40:46 BDT" skipped="0">
  <testcase classname="testCases.TC002_ValidUserLogin" name="verify_login" time="5.314"/>
</testsuite> <!-- testCases.TC002_ValidUserLogin -->
