<?xml version="1.0" encoding="UTF-8"?>
<!-- Generated by org.testng.reporters.JUnitReportReporter -->
<testsuite hostname="DESKTOP-PP8RICL" failures="0" tests="1" name="testCases.US05_TC010_TertiaryMenuNavigation" time="2.104" errors="0" timestamp="2024-10-13T07:05:00 BDT" skipped="0">
  <testcase classname="testCases.US05_TC010_TertiaryMenuNavigation" name="varify_tertiaryMenuNavigation_US05_TC010" time="2.104"/>
</testsuite> <!-- testCases.US05_TC010_TertiaryMenuNavigation -->
