<?xml version="1.0" encoding="UTF-8"?>
<!-- Generated by org.testng.reporters.JUnitReportReporter -->
<testsuite hostname="DESKTOP-PP8RICL" failures="0" tests="1" name="testCases.US05_TC009_TertiaryMenuNavigation" time="3.183" errors="0" timestamp="2024-10-04T20:51:40 BDT" skipped="0">
  <testcase classname="testCases.US05_TC009_TertiaryMenuNavigation" name="varify_tertiaryMenuNavigation_US05_TC009" time="3.183"/>
</testsuite> <!-- testCases.US05_TC009_TertiaryMenuNavigation -->
