<?xml version="1.0" encoding="UTF-8"?>
<!-- Generated by org.testng.reporters.JUnitReportReporter -->
<testsuite hostname="DESKTOP-PP8RICL" failures="0" tests="1" name="testCases.US01_TC003_InvalidUserLogin" time="16.809" errors="0" timestamp="2024-10-04T19:42:25 BDT" skipped="0">
  <testcase classname="testCases.US01_TC003_InvalidUserLogin" name="verify_invalidUserLogin" time="16.809"/>
</testsuite> <!-- testCases.US01_TC003_InvalidUserLogin -->
