<?xml version="1.0" encoding="UTF-8"?>
<!-- Generated by org.testng.reporters.JUnitReportReporter -->
<testsuite hostname="DESKTOP-PP8RICL" failures="0" tests="3" name="testCases.US06_TC010_CartOperations" time="25.567" errors="0" timestamp="2024-10-04T20:59:02 BDT" skipped="0">
  <testcase classname="testCases.US06_TC010_CartOperations" name="varify_deleteShoppingCart_US06_TC010" time="6.516"/>
  <testcase classname="testCases.US06_TC010_CartOperations" name="varify_updateShoppingCart_US06_TC010" time="0.199"/>
  <testcase classname="testCases.US06_TC010_CartOperations" name="varify_productAddToCart_US06_TC010" time="18.852"/>
</testsuite> <!-- testCases.US06_TC010_CartOperations -->
