<?xml version="1.0" encoding="UTF-8"?>
<!-- Generated by org.testng.reporters.JUnitReportReporter -->
<testsuite hostname="DESKTOP-PP8RICL" failures="0" tests="1" name="testCases.TC007_SortByPriceDescending" time="4.690" errors="0" timestamp="2024-10-03T17:40:46 BDT" skipped="0">
  <testcase classname="testCases.TC007_SortByPriceDescending" name="verify_SortByPriceAscending_Watches" time="4.690"/>
</testsuite> <!-- testCases.TC007_SortByPriceDescending -->
