<?xml version="1.0" encoding="UTF-8"?>
<!-- Generated by org.testng.reporters.JUnitReportReporter -->
<testsuite hostname="DESKTOP-PP8RICL" failures="0" tests="2" name="testCases.US04_TC008_SearchBoxFunctionality" time="3.102" errors="0" timestamp="2024-10-04T20:29:36 BDT" skipped="0">
  <testcase classname="testCases.US04_TC008_SearchBoxFunctionality" name="varify_searchBoxWithValidInput_US04_TC008" time="1.805"/>
  <testcase classname="testCases.US04_TC008_SearchBoxFunctionality" name="varify_searchBoxWithEmptyInput_US04_TC008" time="1.297"/>
</testsuite> <!-- testCases.US04_TC008_SearchBoxFunctionality -->
