<?xml version="1.0" encoding="UTF-8"?>
<!-- Generated by org.testng.reporters.JUnitReportReporter -->
<testsuite hostname="DESKTOP-PP8RICL" failures="0" tests="1" name="testCases.TC009_TertiaryMenuNavigation" time="3.153" errors="0" timestamp="2024-10-03T21:18:17 BDT" skipped="0">
  <testcase classname="testCases.TC009_TertiaryMenuNavigation" name="verify_tertiaryMenuNavigation" time="3.153"/>
</testsuite> <!-- testCases.TC009_TertiaryMenuNavigation -->
