<?xml version="1.0" encoding="UTF-8"?>
<!-- Generated by org.testng.reporters.JUnitReportReporter -->
<testsuite hostname="DESKTOP-PP8RICL" failures="0" tests="1" name="testCases.US07_TC012_CheckoutProcess" time="61.708" errors="0" timestamp="2024-10-12T16:49:52 BDT" skipped="0">
  <testcase classname="testCases.US07_TC012_CheckoutProcess" name="varify_checkoutProcess_US07_TC012" time="61.708"/>
</testsuite> <!-- testCases.US07_TC012_CheckoutProcess -->
