<?xml version="1.0" encoding="UTF-8"?>
<!-- Generated by org.testng.reporters.JUnitReportReporter -->
<testsuite hostname="DESKTOP-PP8RICL" failures="0" tests="1" name="testCases.US01_TC002_ValidUserLogin" time="5.522" errors="0" timestamp="2024-10-04T19:42:25 BDT" skipped="0">
  <testcase classname="testCases.US01_TC002_ValidUserLogin" name="verify_validUserLogin" time="5.522"/>
</testsuite> <!-- testCases.US01_TC002_ValidUserLogin -->
