<?xml version="1.0" encoding="UTF-8"?>
<!-- Generated by org.testng.reporters.JUnitReportReporter -->
<testsuite hostname="DESKTOP-PP8RICL" failures="0" tests="1" name="testCases.TC005_HoverAndClickSubMenu" time="1.615" errors="0" timestamp="2024-10-03T17:40:46 BDT" skipped="0">
  <testcase classname="testCases.TC005_HoverAndClickSubMenu" name="verify_HoverAndClickSubMenu" time="1.615"/>
</testsuite> <!-- testCases.TC005_HoverAndClickSubMenu -->
