<?xml version="1.0" encoding="UTF-8"?>
<!-- Generated by org.testng.reporters.JUnitReportReporter -->
<testsuite hostname="DESKTOP-PP8RICL" failures="0" tests="1" name="testCases.US03_TC007_SortByPriceDescending" time="15.138" errors="0" timestamp="2024-10-13T07:05:00 BDT" skipped="0">
  <testcase classname="testCases.US03_TC007_SortByPriceDescending" name="varify_SortByPriceAscending_Watches_US03_TC007" time="15.138"/>
</testsuite> <!-- testCases.US03_TC007_SortByPriceDescending -->
