<?xml version="1.0" encoding="UTF-8"?>
<!-- Generated by org.testng.reporters.JUnitReportReporter -->
<testsuite hostname="DESKTOP-PP8RICL" failures="0" tests="1" name="testCases.US04_TC009_SearchBoxWithAnEmptyInput" time="5.394" errors="0" timestamp="2024-10-13T07:05:00 BDT" skipped="0">
  <testcase classname="testCases.US04_TC009_SearchBoxWithAnEmptyInput" name="varify_searchBoxWithEmptyInput_US04_TC009" time="5.394"/>
</testsuite> <!-- testCases.US04_TC009_SearchBoxWithAnEmptyInput -->
