<?xml version="1.0" encoding="UTF-8"?>
<!-- Generated by org.testng.reporters.JUnitReportReporter -->
<testsuite hostname="DESKTOP-PP8RICL" failures="0" tests="3" name="testCases.US06_TC011_CartOperations" time="123.339" errors="0" timestamp="2024-10-05T00:09:51 BDT" skipped="0">
  <testcase classname="testCases.US06_TC011_CartOperations" name="varify_deleteShoppingCart_US06_TC011" time="101.137"/>
  <testcase classname="testCases.US06_TC011_CartOperations" name="varify_productAddToCart_US06_TC011" time="22.028"/>
  <testcase classname="testCases.US06_TC011_CartOperations" name="varify_updateShoppingCart_US06_TC011" time="0.174"/>
</testsuite> <!-- testCases.US06_TC011_CartOperations -->
