<?xml version="1.0" encoding="UTF-8"?>
<!-- Generated by org.testng.reporters.JUnitReportReporter -->
<testsuite hostname="DESKTOP-PP8RICL" failures="0" tests="2" name="testCases.TC008_SearchBoxFunctionality" time="2.842" errors="0" timestamp="2024-10-03T17:40:46 BDT" skipped="0">
  <testcase classname="testCases.TC008_SearchBoxFunctionality" name="verify_searchBoxWithValidInput" time="1.912"/>
  <testcase classname="testCases.TC008_SearchBoxFunctionality" name="verify_searchBoxWithEmptyInput" time="0.930"/>
</testsuite> <!-- testCases.TC008_SearchBoxFunctionality -->
