<?xml version="1.0" encoding="UTF-8"?>
<!-- Generated by org.testng.reporters.JUnitReportReporter -->
<testsuite hostname="DESKTOP-PP8RICL" failures="0" tests="1" name="testCases.US02_TC005_HoverAndClickSubMenu" time="1.855" errors="0" timestamp="2024-10-12T22:46:36 BDT" skipped="0">
  <testcase classname="testCases.US02_TC005_HoverAndClickSubMenu" name="varify_HoverAndClickSubMenu_US02_TC005" time="1.855"/>
</testsuite> <!-- testCases.US02_TC005_HoverAndClickSubMenu -->
