<?xml version="1.0" encoding="UTF-8"?>
<!-- Generated by org.testng.reporters.JUnitReportReporter -->
<testsuite hostname="DESKTOP-PP8RICL" failures="0" tests="3" name="testCases.US06_TC011_CartOperations" time="33.359" errors="0" timestamp="2024-10-05T07:19:26 BDT" skipped="0">
  <testcase classname="testCases.US06_TC011_CartOperations" name="varify_productAddToCart_US06_TC011" time="19.446"/>
  <testcase classname="testCases.US06_TC011_CartOperations" name="varify_deleteShoppingCart_US06_TC011" time="13.669"/>
  <testcase classname="testCases.US06_TC011_CartOperations" name="varify_updateShoppingCart_US06_TC011" time="0.244"/>
</testsuite> <!-- testCases.US06_TC011_CartOperations -->
