<?xml version="1.0" encoding="UTF-8"?>
<!-- Generated by org.testng.reporters.JUnitReportReporter -->
<testsuite hostname="DESKTOP-PP8RICL" failures="0" tests="1" name="testCases.US01_TC001_AccountRegistration" time="6.974" errors="0" timestamp="2024-10-12T22:46:36 BDT" skipped="0">
  <testcase classname="testCases.US01_TC001_AccountRegistration" name="varify_accountRegistration_US01_TC001" time="6.974"/>
</testsuite> <!-- testCases.US01_TC001_AccountRegistration -->
