<?xml version="1.0" encoding="UTF-8"?>
<!-- Generated by org.testng.reporters.JUnitReportReporter -->
<testsuite hostname="DESKTOP-PP8RICL" failures="0" tests="1" name="testCases.US04_TC008_SearchBoxWithValidInput" time="1.840" errors="0" timestamp="2024-10-05T07:19:26 BDT" skipped="0">
  <testcase classname="testCases.US04_TC008_SearchBoxWithValidInput" name="varify_searchBoxWithValidInput_US04_TC008" time="1.840"/>
</testsuite> <!-- testCases.US04_TC008_SearchBoxWithValidInput -->
