<?xml version="1.0" encoding="UTF-8"?>
<!-- Generated by org.testng.reporters.JUnitReportReporter -->
<testsuite hostname="DESKTOP-PP8RICL" failures="0" tests="1" name="testCases.US03_TC006_SortByPriceAscending" time="5.365" errors="0" timestamp="2024-10-12T22:46:36 BDT" skipped="0">
  <testcase classname="testCases.US03_TC006_SortByPriceAscending" name="varify_SortByPriceAscending_Watches_US03_TC006" time="5.365"/>
</testsuite> <!-- testCases.US03_TC006_SortByPriceAscending -->
