<?xml version="1.0" encoding="UTF-8"?>
<!-- Generated by org.testng.reporters.JUnitReportReporter -->
<testsuite hostname="DESKTOP-PP8RICL" failures="0" tests="1" name="testCases.US02_TC004_MouseHoverAction" time="0.489" errors="0" timestamp="2024-10-12T17:15:47 BDT" skipped="0">
  <testcase classname="testCases.US02_TC004_MouseHoverAction" name="varify_mouseHoverAction_US02_TC004" time="0.489"/>
</testsuite> <!-- testCases.US02_TC004_MouseHoverAction -->
