<?xml version="1.0" encoding="UTF-8"?>
<!-- Generated by org.testng.reporters.JUnitReportReporter -->
<testsuite hostname="DESKTOP-PP8RICL" failures="0" tests="1" name="testCases.US07_TC012_CheckoutProcess" time="64.141" errors="0" timestamp="2024-10-12T17:15:47 BDT" skipped="0">
  <testcase classname="testCases.US07_TC012_CheckoutProcess" name="varify_checkoutProcess_US07_TC012" time="64.141"/>
</testsuite> <!-- testCases.US07_TC012_CheckoutProcess -->
