<?xml version="1.0" encoding="UTF-8"?>
<!-- Generated by org.testng.reporters.JUnitReportReporter -->
<testsuite hostname="DESKTOP-PP8RICL" failures="0" tests="1" name="testCases.US05_TC010_TertiaryMenuNavigation" time="1.954" errors="0" timestamp="2024-10-05T07:19:26 BDT" skipped="0">
  <testcase classname="testCases.US05_TC010_TertiaryMenuNavigation" name="varify_tertiaryMenuNavigation_US05_TC010" time="1.954"/>
</testsuite> <!-- testCases.US05_TC010_TertiaryMenuNavigation -->
