<?xml version="1.0" encoding="UTF-8"?>
<!-- Generated by org.testng.reporters.JUnitReportReporter -->
<testsuite hostname="DESKTOP-PP8RICL" failures="0" tests="1" name="testCases.US01_TC003_InvalidUserLogin" time="3.917" errors="0" timestamp="2024-10-12T17:15:47 BDT" skipped="0">
  <testcase classname="testCases.US01_TC003_InvalidUserLogin" name="varify_invalidUserLogin_US01_TC003" time="3.917"/>
</testsuite> <!-- testCases.US01_TC003_InvalidUserLogin -->
