<?xml version="1.0" encoding="UTF-8"?>
<!-- Generated by org.testng.reporters.JUnitReportReporter -->
<testsuite hostname="DESKTOP-PP8RICL" failures="0" tests="3" name="testCases.US06_TC011_CartOperations" time="25.531" errors="0" timestamp="2024-10-12T17:15:47 BDT" skipped="0">
  <testcase classname="testCases.US06_TC011_CartOperations" name="varify_productAddToCart_US06_TC011" time="19.358"/>
  <testcase classname="testCases.US06_TC011_CartOperations" name="varify_updateShoppingCart_US06_TC011" time="0.203"/>
  <testcase classname="testCases.US06_TC011_CartOperations" name="varify_deleteShoppingCart_US06_TC011" time="5.970"/>
</testsuite> <!-- testCases.US06_TC011_CartOperations -->
