<?xml version="1.0" encoding="UTF-8"?>
<!-- Generated by org.testng.reporters.JUnitReportReporter -->
<testsuite hostname="DESKTOP-PP8RICL" failures="0" tests="1" name="testCases.US01_TC002_ValidUserLogin" time="4.969" errors="0" timestamp="2024-10-05T07:19:26 BDT" skipped="0">
  <testcase classname="testCases.US01_TC002_ValidUserLogin" name="varify_validUserLogin_US01_TC002" time="4.969"/>
</testsuite> <!-- testCases.US01_TC002_ValidUserLogin -->
