<?xml version="1.0" encoding="UTF-8"?>
<!-- Generated by org.testng.reporters.JUnitReportReporter -->
<testsuite hostname="DESKTOP-PP8RICL" failures="0" tests="1" name="testCases.TC010_AddProductToCart" time="29.793" errors="0" timestamp="2024-10-04T16:37:07 BDT" skipped="0">
  <testcase classname="testCases.TC010_AddProductToCart" name="verify_productAddToCart" time="29.793"/>
</testsuite> <!-- testCases.TC010_AddProductToCart -->
